Wed Oct 06 15:14:21 BDT 2021 : Apache Derby Network Server - 10.10.2.0 - (1582446) started and ready to accept connections on port 1527
----------------------------------------------------------------
Wed Oct 06 15:14:21 BDT 2021:
Booting Derby version The Apache Software Foundation - Apache Derby - 10.10.2.0 - (1582446): instance a816c00e-017c-54e1-de31-000036dd856f 
on database directory C:\Users\waugh\Documents\NetBeansProjects\CGPAGenerator\STUDENT with class loader sun.misc.Launcher$AppClassLoader@1d44bcfa 
Loaded from file:/C:/Program%20Files/glassfish-4.1.1/javadb/lib/derby.jar
java.vendor=Oracle Corporation
java.runtime.version=1.8.0_271-b09
user.dir=C:\Program Files\glassfish-4.1.1\javadb
os.name=Windows 10
os.arch=amd64
os.version=10.0
derby.system.home=C:\Users\waugh\Documents\NetBeansProjects\CGPAGenerator
Database Class Loader started - derby.database.classpath=''
----------------------------------------------------------------
Wed Oct 06 15:41:15 BDT 2021: Shutting down Derby engine
----------------------------------------------------------------
Wed Oct 06 15:41:15 BDT 2021:
Shutting down instance a816c00e-017c-54e1-de31-000036dd856f on database directory C:\Users\waugh\Documents\NetBeansProjects\CGPAGenerator\STUDENT with class loader sun.misc.Launcher$AppClassLoader@1d44bcfa 
----------------------------------------------------------------
